<?xml version="1.0" encoding="UTF-8"?>
<!-- Generated by org.testng.reporters.JUnitReportReporter -->
<testsuite skipped="0" hostname="U6033642-TPL-A" name="Testcases.TestJava" tests="1" failures="0" timestamp="24 Jan 2019 05:00:41 GMT" time="0.012" errors="0">
  <testcase name="coll" time="0.012" classname="Testcases.TestJava"/>
</testsuite> <!-- Testcases.TestJava -->
